[debug] [2025-10-06T06:33:50.403Z] ----------------------------------------------------------------------
[debug] [2025-10-06T06:33:50.412Z] Command:       C:\Program Files\nodejs\node.exe C:\Users\HP\AppData\Roaming\npm\node_modules\firebase-tools\lib\bin\firebase.js login --reauth
[debug] [2025-10-06T06:33:50.413Z] CLI Version:   14.18.0
[debug] [2025-10-06T06:33:50.414Z] Platform:      win32
[debug] [2025-10-06T06:33:50.414Z] Node Version:  v22.16.0
[debug] [2025-10-06T06:33:50.415Z] Time:          Mon Oct 06 2025 15:33:50 GMT+0900 (Japan Standard Time)
[debug] [2025-10-06T06:33:50.416Z] ----------------------------------------------------------------------
[debug] 
[debug] [2025-10-06T06:33:51.115Z] Field "/functions" in "firebase.json" is possibly invalid: must be object
[debug] [2025-10-06T06:33:51.116Z] Field "/functions" in "firebase.json" is possibly invalid: must be object
[debug] [2025-10-06T06:33:51.116Z] Object "/functions/0" in "firebase.json" has unknown property: {"additionalProperty":"region"}
[debug] [2025-10-06T06:33:51.116Z] Object "/functions/0" in "firebase.json" is missing required property: {"missingProperty":"remoteSource"}
[debug] [2025-10-06T06:33:51.116Z] Field "/functions/0" in "firebase.json" is possibly invalid: must match a schema in anyOf
[debug] [2025-10-06T06:33:51.116Z] Field "/functions" in "firebase.json" is possibly invalid: must match a schema in anyOf
[info] 
[info] Visit this URL on this device to log in:
[info] https://accounts.google.com/o/oauth2/auth?client_id=563584335869-fgrhgmd47bqnekij5i8b5pr03ho849e6.apps.googleusercontent.com&scope=email%20openid%20https%3A%2F%2Fwww.googleapis.com%2Fauth%2Fcloudplatformprojects.readonly%20https%3A%2F%2Fwww.googleapis.com%2Fauth%2Ffirebase%20https%3A%2F%2Fwww.googleapis.com%2Fauth%2Fcloud-platform&response_type=code&state=1073213869&redirect_uri=http%3A%2F%2Flocalhost%3A9005
[info] 
[info] Waiting for authentication...
[debug] [2025-10-06T06:33:51.201Z] Error: spawn cmd ENOENT
    at ChildProcess._handle.onexit (node:internal/child_process:285:19)
    at onErrorNT (node:internal/child_process:483:16)
    at process.processTicksAndRejections (node:internal/process/task_queues:90:21)
[error] 
[error] Error: An unexpected error has occurred.
